e:\[coding projects]\hawk\hawktuah\hawktuah\x64\debug\vc143.pdb
e:\[coding projects]\hawk\hawktuah\hawktuah\x64\debug\vc143.idb
e:\[coding projects]\hawk\hawktuah\hawktuah\x64\debug\main.obj
e:\[coding projects]\hawk\hawktuah\hawktuah\x64\debug\resource.res
e:\[coding projects]\hawk\hawktuah\x64\debug\hawktuah.pdb
e:\[coding projects]\hawk\hawktuah\hawktuah\x64\debug\hawktuah.tlog\cl.command.1.tlog
e:\[coding projects]\hawk\hawktuah\hawktuah\x64\debug\hawktuah.tlog\cl.read.1.tlog
e:\[coding projects]\hawk\hawktuah\hawktuah\x64\debug\hawktuah.tlog\cl.write.1.tlog
e:\[coding projects]\hawk\hawktuah\hawktuah\x64\debug\hawktuah.tlog\link-cvtres.read.1.tlog
e:\[coding projects]\hawk\hawktuah\hawktuah\x64\debug\hawktuah.tlog\link-cvtres.write.1.tlog
e:\[coding projects]\hawk\hawktuah\hawktuah\x64\debug\hawktuah.tlog\link-rc.read.1.tlog
e:\[coding projects]\hawk\hawktuah\hawktuah\x64\debug\hawktuah.tlog\link-rc.write.1.tlog
e:\[coding projects]\hawk\hawktuah\hawktuah\x64\debug\hawktuah.tlog\link.command.1.tlog
e:\[coding projects]\hawk\hawktuah\hawktuah\x64\debug\hawktuah.tlog\link.read.1.tlog
e:\[coding projects]\hawk\hawktuah\hawktuah\x64\debug\hawktuah.tlog\link.read.2.tlog
e:\[coding projects]\hawk\hawktuah\hawktuah\x64\debug\hawktuah.tlog\link.read.3.tlog
e:\[coding projects]\hawk\hawktuah\hawktuah\x64\debug\hawktuah.tlog\link.read.4.tlog
e:\[coding projects]\hawk\hawktuah\hawktuah\x64\debug\hawktuah.tlog\link.read.5.tlog
e:\[coding projects]\hawk\hawktuah\hawktuah\x64\debug\hawktuah.tlog\link.read.6.tlog
e:\[coding projects]\hawk\hawktuah\hawktuah\x64\debug\hawktuah.tlog\link.write.1.tlog
e:\[coding projects]\hawk\hawktuah\hawktuah\x64\debug\hawktuah.tlog\rc.command.1.tlog
e:\[coding projects]\hawk\hawktuah\hawktuah\x64\debug\hawktuah.tlog\rc.read.1.tlog
e:\[coding projects]\hawk\hawktuah\hawktuah\x64\debug\hawktuah.tlog\rc.write.1.tlog
